{
  "stats": {
    "suites": 1,
    "tests": 5,
    "passes": 5,
    "pending": 0,
    "failures": 0,
    "start": "2022-12-17T06:25:31.073Z",
    "end": "2022-12-17T06:26:37.262Z",
    "duration": 66189,
    "testsRegistered": 5,
    "passPercent": 100,
    "pendingPercent": 0,
    "other": 0,
    "hasOther": false,
    "skipped": 0,
    "hasSkipped": false
  },
  "results": [
    {
      "uuid": "3ff9b1b9-9281-4032-a91d-fa592fa4d7f7",
      "title": "",
      "fullFile": "cypress\\e2e\\POMTests\\HomePageTests.cy.js",
      "file": "cypress\\e2e\\POMTests\\HomePageTests.cy.js",
      "beforeHooks": [],
      "afterHooks": [],
      "tests": [],
      "suites": [
        {
          "uuid": "a08ee261-3561-4384-aac0-6fcc6a4c6a72",
          "title": "Home Page Test Cases",
          "fullFile": "",
          "file": "",
          "beforeHooks": [],
          "afterHooks": [],
          "tests": [
            {
              "title": "Test Case 1 : Verify page title",
              "fullTitle": "Home Page Test Cases Test Case 1 : Verify page title",
              "timedOut": null,
              "duration": 942,
              "state": "passed",
              "speed": "fast",
              "pass": true,
              "fail": false,
              "pending": false,
              "context": null,
              "code": "homeactions.verifyPagetitle();",
              "err": {},
              "uuid": "4d532659-8355-4dea-a0b4-cb4c8dd32f3c",
              "parentUUID": "a08ee261-3561-4384-aac0-6fcc6a4c6a72",
              "isHook": false,
              "skipped": false
            },
            {
              "title": "Test Case 2 : Verify page current url",
              "fullTitle": "Home Page Test Cases Test Case 2 : Verify page current url",
              "timedOut": null,
              "duration": 3241,
              "state": "passed",
              "speed": "fast",
              "pass": true,
              "fail": false,
              "pending": false,
              "context": null,
              "code": "homeactions.verifyPagecurrentURL();",
              "err": {},
              "uuid": "8f07e868-d91b-4785-8d60-5843a3ddd416",
              "parentUUID": "a08ee261-3561-4384-aac0-6fcc6a4c6a72",
              "isHook": false,
              "skipped": false
            },
            {
              "title": "Test Case 3 : Click More button",
              "fullTitle": "Home Page Test Cases Test Case 3 : Click More button",
              "timedOut": null,
              "duration": 52977,
              "state": "passed",
              "speed": "slow",
              "pass": true,
              "fail": false,
              "pending": false,
              "context": null,
              "code": "homeactions.clickReadMoreBtn();",
              "err": {},
              "uuid": "abda8fa0-3bc8-467a-bc90-f5cc945899de",
              "parentUUID": "a08ee261-3561-4384-aac0-6fcc6a4c6a72",
              "isHook": false,
              "skipped": false
            },
            {
              "title": "Test Case 4 : Click Navigation Bar",
              "fullTitle": "Home Page Test Cases Test Case 4 : Click Navigation Bar",
              "timedOut": null,
              "duration": 3218,
              "state": "passed",
              "speed": "fast",
              "pass": true,
              "fail": false,
              "pending": false,
              "context": null,
              "code": "homeactions.clickNavBar();",
              "err": {},
              "uuid": "5d8f52ce-aa88-47fc-85a6-444d0c47c9a9",
              "parentUUID": "a08ee261-3561-4384-aac0-6fcc6a4c6a72",
              "isHook": false,
              "skipped": false
            },
            {
              "title": "Test Case 5 : Verify Navigation Bar Options",
              "fullTitle": "Home Page Test Cases Test Case 5 : Verify Navigation Bar Options",
              "timedOut": null,
              "duration": 3302,
              "state": "passed",
              "speed": "fast",
              "pass": true,
              "fail": false,
              "pending": false,
              "context": null,
              "code": "homeactions.verifyNavBarOptionList();",
              "err": {},
              "uuid": "333046ef-61cd-4cb6-abee-728234b74362",
              "parentUUID": "a08ee261-3561-4384-aac0-6fcc6a4c6a72",
              "isHook": false,
              "skipped": false
            }
          ],
          "suites": [],
          "passes": [
            "4d532659-8355-4dea-a0b4-cb4c8dd32f3c",
            "8f07e868-d91b-4785-8d60-5843a3ddd416",
            "abda8fa0-3bc8-467a-bc90-f5cc945899de",
            "5d8f52ce-aa88-47fc-85a6-444d0c47c9a9",
            "333046ef-61cd-4cb6-abee-728234b74362"
          ],
          "failures": [],
          "pending": [],
          "skipped": [],
          "duration": 63680,
          "root": false,
          "rootEmpty": false,
          "_timeout": 2000
        }
      ],
      "passes": [],
      "failures": [],
      "pending": [],
      "skipped": [],
      "duration": 0,
      "root": true,
      "rootEmpty": true,
      "_timeout": 2000
    }
  ],
  "meta": {
    "mocha": {
      "version": "7.0.1"
    },
    "mochawesome": {
      "options": {
        "quiet": false,
        "reportFilename": "TestResultReport",
        "saveHtml": true,
        "saveJson": true,
        "consoleReporter": "spec",
        "useInlineDiffs": false,
        "code": true
      },
      "version": "7.1.3"
    },
    "marge": {
      "options": {
        "reportDir": "cypress/report",
        "reportFilename": "TestResultReport",
        "overwrite": false,
        "html": true,
        "json": true,
        "charts": true,
        "includeScreenshots": true
      },
      "version": "6.2.0"
    }
  }
}