{
  "stats": {
    "suites": 1,
    "tests": 2,
    "passes": 2,
    "pending": 0,
    "failures": 0,
    "start": "2022-12-11T12:43:20.431Z",
    "end": "2022-12-11T12:43:28.450Z",
    "duration": 8019,
    "testsRegistered": 2,
    "passPercent": 100,
    "pendingPercent": 0,
    "other": 0,
    "hasOther": false,
    "skipped": 0,
    "hasSkipped": false
  },
  "results": [
    {
      "uuid": "6811423a-7605-4018-893c-dbd1379d15dc",
      "title": "",
      "fullFile": "cypress\\e2e\\POMTests\\ContactPageTestsWithFixures.cy.js",
      "file": "cypress\\e2e\\POMTests\\ContactPageTestsWithFixures.cy.js",
      "beforeHooks": [],
      "afterHooks": [],
      "tests": [],
      "suites": [
        {
          "uuid": "8d75eb39-2d96-4787-ba69-cd0bd561a166",
          "title": "Contact Page Test Cases",
          "fullFile": "",
          "file": "",
          "beforeHooks": [],
          "afterHooks": [],
          "tests": [
            {
              "title": "Test Case 1 : Fill ENQUIRE NOW form with use of fixure file",
              "fullTitle": "Contact Page Test Cases Test Case 1 : Fill ENQUIRE NOW form with use of fixure file",
              "timedOut": null,
              "duration": 4186,
              "state": "passed",
              "speed": "fast",
              "pass": true,
              "fail": false,
              "pending": false,
              "context": null,
              "code": "contactactions.SelectInqueryFor(data.courseselection);\ncontactactions.enterFirstLastName(data.firstname, data.lastname);\ncontactactions.enterMobileNo(data.mobileno);\ncontactactions.enterEmail(data.email);\ncontactactions.enterMessage(data.message);",
              "err": {},
              "uuid": "99e338e4-ac92-4d31-a45d-c5b1f43f9200",
              "parentUUID": "8d75eb39-2d96-4787-ba69-cd0bd561a166",
              "isHook": false,
              "skipped": false
            },
            {
              "title": "Test Case 4 : Fill ENQUIRE NOW form Blank field Verification",
              "fullTitle": "Contact Page Test Cases Test Case 4 : Fill ENQUIRE NOW form Blank field Verification",
              "timedOut": null,
              "duration": 1384,
              "state": "passed",
              "speed": "fast",
              "pass": true,
              "fail": false,
              "pending": false,
              "context": null,
              "code": "contactactions.clickSubmitBtn();\ncontactactions.firstLastNameValidation(data.blankfieldvalidationmsg);\ncontactactions.mobileValidation(data.blankfieldvalidationmsg);\ncontactactions.emailValidation(data.blankfieldvalidationmsg);\ncontactactions.messageValidation(data.blankfieldvalidationmsg);",
              "err": {},
              "uuid": "8429e01c-c950-4646-9aa0-74d17834cb6f",
              "parentUUID": "8d75eb39-2d96-4787-ba69-cd0bd561a166",
              "isHook": false,
              "skipped": false
            }
          ],
          "suites": [],
          "passes": [
            "99e338e4-ac92-4d31-a45d-c5b1f43f9200",
            "8429e01c-c950-4646-9aa0-74d17834cb6f"
          ],
          "failures": [],
          "pending": [],
          "skipped": [],
          "duration": 5570,
          "root": false,
          "rootEmpty": false,
          "_timeout": 2000
        }
      ],
      "passes": [],
      "failures": [],
      "pending": [],
      "skipped": [],
      "duration": 0,
      "root": true,
      "rootEmpty": true,
      "_timeout": 2000
    }
  ],
  "meta": {
    "mocha": {
      "version": "7.0.1"
    },
    "mochawesome": {
      "options": {
        "quiet": false,
        "reportFilename": "TestResultReport",
        "saveHtml": true,
        "saveJson": true,
        "consoleReporter": "spec",
        "useInlineDiffs": false,
        "code": true
      },
      "version": "7.1.3"
    },
    "marge": {
      "options": {
        "reportDir": "cypress/report",
        "reportFilename": "TestResultReport",
        "overwrite": false,
        "html": true,
        "json": true,
        "charts": true
      },
      "version": "6.2.0"
    }
  }
}