{
  "stats": {
    "suites": 3,
    "tests": 11,
    "passes": 11,
    "pending": 0,
    "failures": 0,
    "start": "2022-12-11T12:42:56.778Z",
    "end": "2022-12-11T12:43:45.431Z",
    "duration": 24112,
    "testsRegistered": 11,
    "passPercent": 100,
    "pendingPercent": 0,
    "other": 0,
    "hasOther": false,
    "skipped": 0,
    "hasSkipped": false
  },
  "results": [
    {
      "uuid": "6811423a-7605-4018-893c-dbd1379d15dc",
      "title": "",
      "fullFile": "cypress\\e2e\\POMTests\\ContactPageTestsWithFixures.cy.js",
      "file": "cypress\\e2e\\POMTests\\ContactPageTestsWithFixures.cy.js",
      "beforeHooks": [],
      "afterHooks": [],
      "tests": [],
      "suites": [
        {
          "uuid": "8d75eb39-2d96-4787-ba69-cd0bd561a166",
          "title": "Contact Page Test Cases",
          "fullFile": "",
          "file": "",
          "beforeHooks": [],
          "afterHooks": [],
          "tests": [
            {
              "title": "Test Case 1 : Fill ENQUIRE NOW form with use of fixure file",
              "fullTitle": "Contact Page Test Cases Test Case 1 : Fill ENQUIRE NOW form with use of fixure file",
              "timedOut": null,
              "duration": 4186,
              "state": "passed",
              "speed": "fast",
              "pass": true,
              "fail": false,
              "pending": false,
              "context": null,
              "code": "contactactions.SelectInqueryFor(data.courseselection);\ncontactactions.enterFirstLastName(data.firstname, data.lastname);\ncontactactions.enterMobileNo(data.mobileno);\ncontactactions.enterEmail(data.email);\ncontactactions.enterMessage(data.message);",
              "err": {},
              "uuid": "99e338e4-ac92-4d31-a45d-c5b1f43f9200",
              "parentUUID": "8d75eb39-2d96-4787-ba69-cd0bd561a166",
              "isHook": false,
              "skipped": false
            },
            {
              "title": "Test Case 4 : Fill ENQUIRE NOW form Blank field Verification",
              "fullTitle": "Contact Page Test Cases Test Case 4 : Fill ENQUIRE NOW form Blank field Verification",
              "timedOut": null,
              "duration": 1384,
              "state": "passed",
              "speed": "fast",
              "pass": true,
              "fail": false,
              "pending": false,
              "context": null,
              "code": "contactactions.clickSubmitBtn();\ncontactactions.firstLastNameValidation(data.blankfieldvalidationmsg);\ncontactactions.mobileValidation(data.blankfieldvalidationmsg);\ncontactactions.emailValidation(data.blankfieldvalidationmsg);\ncontactactions.messageValidation(data.blankfieldvalidationmsg);",
              "err": {},
              "uuid": "8429e01c-c950-4646-9aa0-74d17834cb6f",
              "parentUUID": "8d75eb39-2d96-4787-ba69-cd0bd561a166",
              "isHook": false,
              "skipped": false
            }
          ],
          "suites": [],
          "passes": [
            "99e338e4-ac92-4d31-a45d-c5b1f43f9200",
            "8429e01c-c950-4646-9aa0-74d17834cb6f"
          ],
          "failures": [],
          "pending": [],
          "skipped": [],
          "duration": 5570,
          "root": false,
          "rootEmpty": false,
          "_timeout": 2000
        }
      ],
      "passes": [],
      "failures": [],
      "pending": [],
      "skipped": [],
      "duration": 0,
      "root": true,
      "rootEmpty": true,
      "_timeout": 2000
    },
    {
      "uuid": "04732923-3019-4c62-adb7-642f325a05ab",
      "title": "",
      "fullFile": "cypress\\e2e\\POMTests\\HomePageTests.cy.js",
      "file": "cypress\\e2e\\POMTests\\HomePageTests.cy.js",
      "beforeHooks": [],
      "afterHooks": [],
      "tests": [],
      "suites": [
        {
          "uuid": "8547c9c0-dc87-49af-a392-b2c85880dc00",
          "title": "Home Page Test Cases",
          "fullFile": "",
          "file": "",
          "beforeHooks": [],
          "afterHooks": [],
          "tests": [
            {
              "title": "Test Case 1 : Verify page title",
              "fullTitle": "Home Page Test Cases Test Case 1 : Verify page title",
              "timedOut": null,
              "duration": 1389,
              "state": "passed",
              "speed": "fast",
              "pass": true,
              "fail": false,
              "pending": false,
              "context": null,
              "code": "homeactions.verifyPagetitle();",
              "err": {},
              "uuid": "a1c604f7-56e3-4da5-a51d-bfd6c77b511a",
              "parentUUID": "8547c9c0-dc87-49af-a392-b2c85880dc00",
              "isHook": false,
              "skipped": false
            },
            {
              "title": "Test Case 2 : Verify page current url",
              "fullTitle": "Home Page Test Cases Test Case 2 : Verify page current url",
              "timedOut": null,
              "duration": 1072,
              "state": "passed",
              "speed": "fast",
              "pass": true,
              "fail": false,
              "pending": false,
              "context": null,
              "code": "homeactions.verifyPagecurrentURL();",
              "err": {},
              "uuid": "edf9a8b5-3858-4591-be30-9654d8aaca98",
              "parentUUID": "8547c9c0-dc87-49af-a392-b2c85880dc00",
              "isHook": false,
              "skipped": false
            },
            {
              "title": "Test Case 3 : Click More button",
              "fullTitle": "Home Page Test Cases Test Case 3 : Click More button",
              "timedOut": null,
              "duration": 1364,
              "state": "passed",
              "speed": "fast",
              "pass": true,
              "fail": false,
              "pending": false,
              "context": null,
              "code": "homeactions.clickReadMoreBtn();",
              "err": {},
              "uuid": "670eb199-8bbd-4964-b0f4-6cb309f2ced3",
              "parentUUID": "8547c9c0-dc87-49af-a392-b2c85880dc00",
              "isHook": false,
              "skipped": false
            },
            {
              "title": "Test Case 4 : Click Navigation Bar",
              "fullTitle": "Home Page Test Cases Test Case 4 : Click Navigation Bar",
              "timedOut": null,
              "duration": 1108,
              "state": "passed",
              "speed": "fast",
              "pass": true,
              "fail": false,
              "pending": false,
              "context": null,
              "code": "homeactions.clickNavBar();",
              "err": {},
              "uuid": "e5c13fc7-c8c7-4801-8000-a97b98db7f2c",
              "parentUUID": "8547c9c0-dc87-49af-a392-b2c85880dc00",
              "isHook": false,
              "skipped": false
            },
            {
              "title": "Test Case 5 : Verify Navigation Bar Options",
              "fullTitle": "Home Page Test Cases Test Case 5 : Verify Navigation Bar Options",
              "timedOut": null,
              "duration": 2529,
              "state": "passed",
              "speed": "fast",
              "pass": true,
              "fail": false,
              "pending": false,
              "context": null,
              "code": "homeactions.verifyNavBarOptionList();",
              "err": {},
              "uuid": "0ead6f9a-fb4c-41e5-a54d-d4f12ba31346",
              "parentUUID": "8547c9c0-dc87-49af-a392-b2c85880dc00",
              "isHook": false,
              "skipped": false
            }
          ],
          "suites": [],
          "passes": [
            "a1c604f7-56e3-4da5-a51d-bfd6c77b511a",
            "edf9a8b5-3858-4591-be30-9654d8aaca98",
            "670eb199-8bbd-4964-b0f4-6cb309f2ced3",
            "e5c13fc7-c8c7-4801-8000-a97b98db7f2c",
            "0ead6f9a-fb4c-41e5-a54d-d4f12ba31346"
          ],
          "failures": [],
          "pending": [],
          "skipped": [],
          "duration": 7462,
          "root": false,
          "rootEmpty": false,
          "_timeout": 2000
        }
      ],
      "passes": [],
      "failures": [],
      "pending": [],
      "skipped": [],
      "duration": 0,
      "root": true,
      "rootEmpty": true,
      "_timeout": 2000
    },
    {
      "uuid": "08f6b37d-424c-4613-93dd-ae3af4d503ee",
      "title": "",
      "fullFile": "cypress\\e2e\\POMTests\\ContactPageTests.cy.js",
      "file": "cypress\\e2e\\POMTests\\ContactPageTests.cy.js",
      "beforeHooks": [],
      "afterHooks": [],
      "tests": [],
      "suites": [
        {
          "uuid": "c0505b0f-add5-4e3e-a904-a0cba50a8ee6",
          "title": "Contact Page Test Cases",
          "fullFile": "",
          "file": "",
          "beforeHooks": [],
          "afterHooks": [],
          "tests": [
            {
              "title": "Test Case 1 : Verify page title",
              "fullTitle": "Contact Page Test Cases Test Case 1 : Verify page title",
              "timedOut": null,
              "duration": 2733,
              "state": "passed",
              "speed": "fast",
              "pass": true,
              "fail": false,
              "pending": false,
              "context": null,
              "code": "contactactions.verifyPagetitle();",
              "err": {},
              "uuid": "bcf4b1f9-948a-4fa6-9d4f-a424d6af2e9e",
              "parentUUID": "c0505b0f-add5-4e3e-a904-a0cba50a8ee6",
              "isHook": false,
              "skipped": false
            },
            {
              "title": "Test Case 2 : Verify current page URL",
              "fullTitle": "Contact Page Test Cases Test Case 2 : Verify current page URL",
              "timedOut": null,
              "duration": 1733,
              "state": "passed",
              "speed": "fast",
              "pass": true,
              "fail": false,
              "pending": false,
              "context": null,
              "code": "contactactions.verifyPagecurrentURL();",
              "err": {},
              "uuid": "9ec33bfb-a22c-4be2-b4d2-21248a70e134",
              "parentUUID": "c0505b0f-add5-4e3e-a904-a0cba50a8ee6",
              "isHook": false,
              "skipped": false
            },
            {
              "title": "Test Case 3 : Fill ENQUIRE NOW form",
              "fullTitle": "Contact Page Test Cases Test Case 3 : Fill ENQUIRE NOW form",
              "timedOut": null,
              "duration": 4978,
              "state": "passed",
              "speed": "fast",
              "pass": true,
              "fail": false,
              "pending": false,
              "context": null,
              "code": "contactactions.SelectInqueryFor('Selenium - Advanced');\ncontactactions.enterFirstLastName('Vipul', 'Patel');\ncontactactions.enterMobileNo('9638527412');\ncontactactions.enterEmail('inquiry@techivp.com');\ncontactactions.enterMessage('Hi There, I would like to register as student and like to learn Advanced Selenium. Please let me know about the fees and course duration');",
              "err": {},
              "uuid": "c84957d7-0a5c-48c0-a5b1-2e89b0c0611a",
              "parentUUID": "c0505b0f-add5-4e3e-a904-a0cba50a8ee6",
              "isHook": false,
              "skipped": false
            },
            {
              "title": "Test Case 4 : Fill ENQUIRE NOW form Blank field Verification",
              "fullTitle": "Contact Page Test Cases Test Case 4 : Fill ENQUIRE NOW form Blank field Verification",
              "timedOut": null,
              "duration": 1636,
              "state": "passed",
              "speed": "fast",
              "pass": true,
              "fail": false,
              "pending": false,
              "context": null,
              "code": "contactactions.clickSubmitBtn();\ncontactactions.firstLastNameValidation('This field is required.');\ncontactactions.mobileValidation('This field is required.');\ncontactactions.emailValidation('This field is required.');\ncontactactions.messageValidation('This field is required.');",
              "err": {},
              "uuid": "90a43914-4fea-4600-8ea5-e5fe86a0e02e",
              "parentUUID": "c0505b0f-add5-4e3e-a904-a0cba50a8ee6",
              "isHook": false,
              "skipped": false
            }
          ],
          "suites": [],
          "passes": [
            "bcf4b1f9-948a-4fa6-9d4f-a424d6af2e9e",
            "9ec33bfb-a22c-4be2-b4d2-21248a70e134",
            "c84957d7-0a5c-48c0-a5b1-2e89b0c0611a",
            "90a43914-4fea-4600-8ea5-e5fe86a0e02e"
          ],
          "failures": [],
          "pending": [],
          "skipped": [],
          "duration": 11080,
          "root": false,
          "rootEmpty": false,
          "_timeout": 2000
        }
      ],
      "passes": [],
      "failures": [],
      "pending": [],
      "skipped": [],
      "duration": 0,
      "root": true,
      "rootEmpty": true,
      "_timeout": 2000
    }
  ],
  "meta": {
    "mocha": {
      "version": "7.0.1"
    },
    "mochawesome": {
      "options": {
        "quiet": false,
        "reportFilename": "TestResultReport",
        "saveHtml": true,
        "saveJson": true,
        "consoleReporter": "spec",
        "useInlineDiffs": false,
        "code": true
      },
      "version": "7.1.3"
    },
    "marge": {
      "options": {
        "reportDir": "cypress/report",
        "reportFilename": "TestResultReport",
        "overwrite": false,
        "html": true,
        "json": true,
        "charts": true
      },
      "version": "6.2.0"
    }
  }
}